<?xml version="1.0" encoding="UTF-8"?>
<!-- Generated by org.testng.reporters.JUnitXMLReporter -->
<testsuite hostname="MacBook-Pro-Personal-Partition.local" ignored="0" name="Happy Path" tests="3" failures="0" timestamp="18 Feb 2017 17:56:06 GMT" time="0.086" errors="0">
  <testcase name="@BeforeClass setup" time="0.0" classname="com.wingdom.gandalfwines.HappyPath">
    <failure type="java.lang.IllegalStateException" message="The path to the driver executable must be set by the webdriver.chrome.driver system property; for more information, see https://github.com/SeleniumHQ/selenium/wiki/ChromeDriver. The latest version can be downloaded from http://chromedriver.storage.googleapis.com/index.html">
      <![CDATA[java.lang.IllegalStateException: The path to the driver executable must be set by the webdriver.chrome.driver system property; for more information, see https://github.com/SeleniumHQ/selenium/wiki/ChromeDriver. The latest version can be downloaded from http://chromedriver.storage.googleapis.com/index.html
	at com.google.common.base.Preconditions.checkState(Preconditions.java:199)
	at org.openqa.selenium.remote.service.DriverService.findExecutable(DriverService.java:109)
	at org.openqa.selenium.chrome.ChromeDriverService.access$000(ChromeDriverService.java:32)
	at org.openqa.selenium.chrome.ChromeDriverService$Builder.findDefaultExecutable(ChromeDriverService.java:137)
	at org.openqa.selenium.remote.service.DriverService$Builder.build(DriverService.java:296)
	at org.openqa.selenium.chrome.ChromeDriverService.createDefaultService(ChromeDriverService.java:88)
	at org.openqa.selenium.chrome.ChromeDriver.<init>(ChromeDriver.java:120)
	at com.wingdom.gandalfwines.OrderWine.setDriver(OrderWine.java:90)
	at com.wingdom.gandalfwines.HappyPath.setup(HappyPath.java:18)
	at com.wingdom.gandalfwines.OrderWine.main(OrderWine.java:68)
... Removed 22 stack frames]]>
    </failure>
  </testcase> <!-- @BeforeClass setup -->
  <testcase name="@AfterClass tearDown" time="0.0" classname="com.wingdom.gandalfwines.HappyPath">
    <skipped/>
  </testcase> <!-- @AfterClass tearDown -->
  <testcase name="buyRedWine" time="0.0" classname="com.wingdom.gandalfwines.HappyPath">
    <skipped/>
  </testcase> <!-- buyRedWine -->
  <testcase name="buyWhiteWine" time="0.0" classname="com.wingdom.gandalfwines.HappyPath">
    <skipped/>
  </testcase> <!-- buyWhiteWine -->
  <testcase name="checkout" time="0.0" classname="com.wingdom.gandalfwines.HappyPath">
    <skipped/>
  </testcase> <!-- checkout -->
</testsuite> <!-- Happy Path -->
