<?xml version="1.0" encoding="UTF-8"?>
<testng-results skipped="2" failed="1" ignored="0" total="3" passed="0">
  <reporter-output>
  </reporter-output>
  <suite name="Firefox" duration-ms="4303" started-at="2017-02-18T18:16:12Z" finished-at="2017-02-18T18:16:17Z">
    <groups>
    </groups>
    <test name="Happy Path" duration-ms="4303" started-at="2017-02-18T18:16:12Z" finished-at="2017-02-18T18:16:17Z">
      <class name="com.wingdom.gandalfwines.HappyPath">
        <test-method status="PASS" signature="setup(java.lang.String)[pri:0, instance:com.wingdom.gandalfwines.HappyPath@6979e8cb]" name="setup" is-config="true" duration-ms="4150" started-at="2017-02-18T13:16:12Z" finished-at="2017-02-18T13:16:17Z">
          <params>
            <param index="0">
              <value>
                <![CDATA[firefox]]>
              </value>
            </param>
          </params>
          <reporter-output>
          </reporter-output>
        </test-method> <!-- setup -->
        <test-method status="FAIL" signature="buyRedWine()[pri:0, instance:com.wingdom.gandalfwines.HappyPath@6979e8cb]" name="buyRedWine" duration-ms="37" started-at="2017-02-18T13:16:17Z" finished-at="2017-02-18T13:16:17Z">
          <exception class="org.openqa.selenium.ElementNotVisibleException">
            <message>
              <![CDATA[
Build info: version: '3.0.1', revision: '1969d75', time: '2016-10-18 09:49:13 -0700'
System info: host: 'MacBook-Pro-Personal-Partition.local', ip: '192.168.1.18', os.name: 'Mac OS X', os.arch: 'x86_64', os.version: '10.12.3', java.version: '1.8.0_121'
Driver info: org.openqa.selenium.firefox.FirefoxDriver
Capabilities [{rotatable=false, raisesAccessibilityExceptions=false, marionette=true, firefoxOptions={args=[], prefs={}}, appBuildId=20161019084923, version=, platform=MAC, proxy={}, command_id=1, specificationLevel=0, acceptSslCerts=false, processId=3115, browserVersion=49.0.2, platformVersion=16.4.0, XULappId={ec8030f7-c20a-464f-9b0e-13a3a9e97384}, browserName=firefox, takesScreenshot=true, takesElementScreenshot=true, platformName=darwin, device=desktop}]
Session ID: d95baaa6-3270-3f45-bb40-1cdd0c9f48a3]]>
            </message>
            <full-stacktrace>
              <![CDATA[org.openqa.selenium.ElementNotVisibleException: 
Build info: version: '3.0.1', revision: '1969d75', time: '2016-10-18 09:49:13 -0700'
System info: host: 'MacBook-Pro-Personal-Partition.local', ip: '192.168.1.18', os.name: 'Mac OS X', os.arch: 'x86_64', os.version: '10.12.3', java.version: '1.8.0_121'
Driver info: org.openqa.selenium.firefox.FirefoxDriver
Capabilities [{rotatable=false, raisesAccessibilityExceptions=false, marionette=true, firefoxOptions={args=[], prefs={}}, appBuildId=20161019084923, version=, platform=MAC, proxy={}, command_id=1, specificationLevel=0, acceptSslCerts=false, processId=3115, browserVersion=49.0.2, platformVersion=16.4.0, XULappId={ec8030f7-c20a-464f-9b0e-13a3a9e97384}, browserName=firefox, takesScreenshot=true, takesElementScreenshot=true, platformName=darwin, device=desktop}]
Session ID: d95baaa6-3270-3f45-bb40-1cdd0c9f48a3
	at sun.reflect.NativeConstructorAccessorImpl.newInstance0(Native Method)
	at sun.reflect.NativeConstructorAccessorImpl.newInstance(NativeConstructorAccessorImpl.java:62)
	at sun.reflect.DelegatingConstructorAccessorImpl.newInstance(DelegatingConstructorAccessorImpl.java:45)
	at java.lang.reflect.Constructor.newInstance(Constructor.java:423)
	at org.openqa.selenium.remote.http.W3CHttpResponseCodec.createException(W3CHttpResponseCodec.java:127)
	at org.openqa.selenium.remote.http.W3CHttpResponseCodec.decode(W3CHttpResponseCodec.java:93)
	at org.openqa.selenium.remote.http.W3CHttpResponseCodec.decode(W3CHttpResponseCodec.java:42)
	at org.openqa.selenium.remote.HttpCommandExecutor.execute(HttpCommandExecutor.java:163)
	at org.openqa.selenium.remote.service.DriverCommandExecutor.execute(DriverCommandExecutor.java:82)
	at org.openqa.selenium.remote.RemoteWebDriver.execute(RemoteWebDriver.java:601)
	at org.openqa.selenium.remote.RemoteWebElement.execute(RemoteWebElement.java:274)
	at org.openqa.selenium.remote.RemoteWebElement.click(RemoteWebElement.java:84)
	at com.wingdom.gandalfwines.HappyPath.buyRedWine(HappyPath.java:36)
	at sun.reflect.NativeMethodAccessorImpl.invoke0(Native Method)
	at sun.reflect.NativeMethodAccessorImpl.invoke(NativeMethodAccessorImpl.java:62)
	at sun.reflect.DelegatingMethodAccessorImpl.invoke(DelegatingMethodAccessorImpl.java:43)
	at java.lang.reflect.Method.invoke(Method.java:498)
	at org.testng.internal.MethodInvocationHelper.invokeMethod(MethodInvocationHelper.java:104)
	at org.testng.internal.Invoker.invokeMethod(Invoker.java:645)
	at org.testng.internal.Invoker.invokeTestMethod(Invoker.java:851)
	at org.testng.internal.Invoker.invokeTestMethods(Invoker.java:1177)
	at org.testng.internal.TestMethodWorker.invokeTestMethods(TestMethodWorker.java:129)
	at org.testng.internal.TestMethodWorker.run(TestMethodWorker.java:112)
	at org.testng.TestRunner.privateRun(TestRunner.java:756)
	at org.testng.TestRunner.run(TestRunner.java:610)
	at org.testng.SuiteRunner.runTest(SuiteRunner.java:387)
	at org.testng.SuiteRunner.runSequentially(SuiteRunner.java:382)
	at org.testng.SuiteRunner.privateRun(SuiteRunner.java:340)
	at org.testng.SuiteRunner.run(SuiteRunner.java:289)
	at org.testng.SuiteRunnerWorker.runSuite(SuiteRunnerWorker.java:52)
	at org.testng.SuiteRunnerWorker.run(SuiteRunnerWorker.java:86)
	at org.testng.TestNG.runSuitesSequentially(TestNG.java:1293)
	at org.testng.TestNG.runSuitesLocally(TestNG.java:1218)
	at org.testng.TestNG.runSuites(TestNG.java:1133)
	at org.testng.TestNG.run(TestNG.java:1104)
	at com.wingdom.gandalfwines.OrderWine.main(OrderWine.java:75)
]]>
            </full-stacktrace>
          </exception> <!-- org.openqa.selenium.ElementNotVisibleException -->
          <reporter-output>
          </reporter-output>
        </test-method> <!-- buyRedWine -->
        <test-method status="SKIP" signature="checkout()[pri:2, instance:com.wingdom.gandalfwines.HappyPath@6979e8cb]" name="checkout" duration-ms="0" started-at="2017-02-18T13:16:17Z" depends-on-methods="com.wingdom.gandalfwines.HappyPath.buyRedWine, com.wingdom.gandalfwines.HappyPath.buyWhiteWine" finished-at="2017-02-18T13:16:17Z">
          <exception class="java.lang.Throwable">
            <message>
              <![CDATA[Method HappyPath.checkout()[pri:2, instance:com.wingdom.gandalfwines.HappyPath@6979e8cb] depends on not successfully finished methods]]>
            </message>
            <full-stacktrace>
              <![CDATA[java.lang.Throwable: Method HappyPath.checkout()[pri:2, instance:com.wingdom.gandalfwines.HappyPath@6979e8cb] depends on not successfully finished methods
	at org.testng.internal.Invoker.invokeTestMethods(Invoker.java:1068)
	at org.testng.internal.TestMethodWorker.invokeTestMethods(TestMethodWorker.java:129)
	at org.testng.internal.TestMethodWorker.run(TestMethodWorker.java:112)
	at org.testng.TestRunner.privateRun(TestRunner.java:756)
	at org.testng.TestRunner.run(TestRunner.java:610)
	at org.testng.SuiteRunner.runTest(SuiteRunner.java:387)
	at org.testng.SuiteRunner.runSequentially(SuiteRunner.java:382)
	at org.testng.SuiteRunner.privateRun(SuiteRunner.java:340)
	at org.testng.SuiteRunner.run(SuiteRunner.java:289)
	at org.testng.SuiteRunnerWorker.runSuite(SuiteRunnerWorker.java:52)
	at org.testng.SuiteRunnerWorker.run(SuiteRunnerWorker.java:86)
	at org.testng.TestNG.runSuitesSequentially(TestNG.java:1293)
	at org.testng.TestNG.runSuitesLocally(TestNG.java:1218)
	at org.testng.TestNG.runSuites(TestNG.java:1133)
	at org.testng.TestNG.run(TestNG.java:1104)
	at com.wingdom.gandalfwines.OrderWine.main(OrderWine.java:75)
]]>
            </full-stacktrace>
          </exception> <!-- java.lang.Throwable -->
          <reporter-output>
          </reporter-output>
        </test-method> <!-- checkout -->
        <test-method status="PASS" signature="tearDown()[pri:0, instance:com.wingdom.gandalfwines.HappyPath@6979e8cb]" name="tearDown" is-config="true" duration-ms="104" started-at="2017-02-18T13:16:17Z" finished-at="2017-02-18T13:16:17Z">
          <reporter-output>
          </reporter-output>
        </test-method> <!-- tearDown -->
        <test-method status="SKIP" signature="buyWhiteWine()[pri:1, instance:com.wingdom.gandalfwines.HappyPath@6979e8cb]" name="buyWhiteWine" duration-ms="0" started-at="2017-02-18T13:16:17Z" depends-on-methods="com.wingdom.gandalfwines.HappyPath.buyRedWine" finished-at="2017-02-18T13:16:17Z">
          <exception class="java.lang.Throwable">
            <message>
              <![CDATA[Method HappyPath.buyWhiteWine()[pri:1, instance:com.wingdom.gandalfwines.HappyPath@6979e8cb] depends on not successfully finished methods]]>
            </message>
            <full-stacktrace>
              <![CDATA[java.lang.Throwable: Method HappyPath.buyWhiteWine()[pri:1, instance:com.wingdom.gandalfwines.HappyPath@6979e8cb] depends on not successfully finished methods
	at org.testng.internal.Invoker.invokeTestMethods(Invoker.java:1068)
	at org.testng.internal.TestMethodWorker.invokeTestMethods(TestMethodWorker.java:129)
	at org.testng.internal.TestMethodWorker.run(TestMethodWorker.java:112)
	at org.testng.TestRunner.privateRun(TestRunner.java:756)
	at org.testng.TestRunner.run(TestRunner.java:610)
	at org.testng.SuiteRunner.runTest(SuiteRunner.java:387)
	at org.testng.SuiteRunner.runSequentially(SuiteRunner.java:382)
	at org.testng.SuiteRunner.privateRun(SuiteRunner.java:340)
	at org.testng.SuiteRunner.run(SuiteRunner.java:289)
	at org.testng.SuiteRunnerWorker.runSuite(SuiteRunnerWorker.java:52)
	at org.testng.SuiteRunnerWorker.run(SuiteRunnerWorker.java:86)
	at org.testng.TestNG.runSuitesSequentially(TestNG.java:1293)
	at org.testng.TestNG.runSuitesLocally(TestNG.java:1218)
	at org.testng.TestNG.runSuites(TestNG.java:1133)
	at org.testng.TestNG.run(TestNG.java:1104)
	at com.wingdom.gandalfwines.OrderWine.main(OrderWine.java:75)
]]>
            </full-stacktrace>
          </exception> <!-- java.lang.Throwable -->
          <reporter-output>
          </reporter-output>
        </test-method> <!-- buyWhiteWine -->
      </class> <!-- com.wingdom.gandalfwines.HappyPath -->
    </test> <!-- Happy Path -->
  </suite> <!-- Firefox -->
</testng-results>
